生成启动时间为 2012/3/30 16:01:53。
     1>项目“C:\Evol\VC_Project\KeyCodeAddr\KeyCodeAddr\KeyCodeAddr.vcxproj”在节点 2 上(build 个目标)。
     1>InitializeBuildStatus:
         正在创建“Debug\KeyCodeAddr.unsuccessfulbuild”，因为已指定“AlwaysCreate”。
       ClCompile:
         c:\Program Files (x86)\Microsoft Visual Studio 10.0\VC\bin\CL.exe /c /ZI /nologo /W3 /WX- /Od /Oy- /D WIN32 /D _DEBUG /D _WINDOWS /D _UNICODE /D UNICODE /Gm /EHsc /RTC1 /MT /GS /fp:precise /Zc:wchar_t /Zc:forScope /Fo"Debug\\" /Fd"Debug\vc100.pdb" /Gd /TP /analyze- /errorReport:prompt Evol.cpp
         Evol.cpp
       ResourceCompile:
         所有输出均为最新。
       ManifestResourceCompile:
         所有输出均为最新。
       Link:
         c:\Program Files (x86)\Microsoft Visual Studio 10.0\VC\bin\link.exe /ERRORREPORT:PROMPT /OUT:"C:\Evol\VC_Project\KeyCodeAddr\Debug\KeyCodeAddr.exe" /INCREMENTAL /NOLOGO kernel32.lib user32.lib gdi32.lib winspool.lib comdlg32.lib advapi32.lib shell32.lib ole32.lib oleaut32.lib uuid.lib odbc32.lib odbccp32.lib /MANIFEST /ManifestFile:"Debug\KeyCodeAddr.exe.intermediate.manifest" /MANIFESTUAC:"level='asInvoker' uiAccess='false'" /DEBUG /PDB:"C:\Evol\VC_Project\KeyCodeAddr\Debug\KeyCodeAddr.pdb" /SUBSYSTEM:WINDOWS /TLBID:1 /DYNAMICBASE /NXCOMPAT /IMPLIB:"C:\Evol\VC_Project\KeyCodeAddr\Debug\KeyCodeAddr.lib" /MACHINE:X86 Debug\Evol.res
         Debug\KeyCodeAddr.exe.embed.manifest.res
         Debug\Evol.obj
         Debug\Function.obj
         Debug\stdafx.obj
       Manifest:
         C:\Program Files (x86)\Microsoft SDKs\Windows\v7.0A\bin\mt.exe /nologo /verbose /out:"Debug\KeyCodeAddr.exe.embed.manifest" /manifest Debug\KeyCodeAddr.exe.intermediate.manifest
         所有输出均为最新。
       LinkEmbedManifest:
         所有输出均为最新。
         KeyCodeAddr.vcxproj -> C:\Evol\VC_Project\KeyCodeAddr\Debug\KeyCodeAddr.exe
       FinalizeBuildStatus:
         正在删除文件“Debug\KeyCodeAddr.unsuccessfulbuild”。
         正在对“Debug\KeyCodeAddr.lastbuildstate”执行 Touch 任务。
     1>已完成生成项目“C:\Evol\VC_Project\KeyCodeAddr\KeyCodeAddr\KeyCodeAddr.vcxproj”(build 个目标)的操作。

生成成功。

已用时间 00:00:01.64
