生成启动时间为 2012/3/3 9:25:15。
     1>项目“D:\Evol\VC_Project\VS2008_Code\KeyCodeDec\KeyCodeDec\KeyCodeDec.vcxproj”在节点 2 上(build 个目标)。
     1>InitializeBuildStatus:
         正在创建“Debug\KeyCodeDec.unsuccessfulbuild”，因为已指定“AlwaysCreate”。
       ClCompile:
         正在删除文件“Debug\KeyCodeDec.pch”。
         c:\Program Files (x86)\Microsoft Visual Studio 10.0\VC\bin\CL.exe /c /ZI /nologo /W3 /WX- /Od /Oy- /D WIN32 /D _DEBUG /D _CONSOLE /D _MBCS /Gm /EHsc /RTC1 /MDd /GS /fp:precise /Zc:wchar_t /Zc:forScope /Yc"StdAfx.h" /Fp"Debug\KeyCodeDec.pch" /Fo"Debug\\" /Fd"Debug\vc100.pdb" /Gd /TP /analyze- /errorReport:prompt stdafx.cpp
         stdafx.cpp
         c:\Program Files (x86)\Microsoft Visual Studio 10.0\VC\bin\CL.exe /c /ZI /nologo /W3 /WX- /Od /Oy- /D WIN32 /D _DEBUG /D _CONSOLE /D _MBCS /Gm /EHsc /RTC1 /MDd /GS /fp:precise /Zc:wchar_t /Zc:forScope /Yu"StdAfx.h" /Fp"Debug\KeyCodeDec.pch" /Fo"Debug\\" /Fd"Debug\vc100.pdb" /Gd /TP /analyze- /errorReport:prompt KeyCodeDec.cpp
         KeyCodeDec.cpp
     1>d:\evol\vc_project\vs2008_code\keycodedec\keycodedec\keycodedec.cpp(6): warning C4309: “初始化”: 截断常量值
     1>d:\evol\vc_project\vs2008_code\keycodedec\keycodedec\keycodedec.cpp(6): warning C4309: “初始化”: 截断常量值
     1>d:\evol\vc_project\vs2008_code\keycodedec\keycodedec\keycodedec.cpp(6): warning C4309: “初始化”: 截断常量值
     1>d:\evol\vc_project\vs2008_code\keycodedec\keycodedec\keycodedec.cpp(6): warning C4309: “初始化”: 截断常量值
     1>d:\evol\vc_project\vs2008_code\keycodedec\keycodedec\keycodedec.cpp(6): warning C4309: “初始化”: 截断常量值
     1>d:\evol\vc_project\vs2008_code\keycodedec\keycodedec\keycodedec.cpp(6): warning C4309: “初始化”: 截断常量值
     1>d:\evol\vc_project\vs2008_code\keycodedec\keycodedec\keycodedec.cpp(6): warning C4309: “初始化”: 截断常量值
     1>d:\evol\vc_project\vs2008_code\keycodedec\keycodedec\keycodedec.cpp(6): warning C4309: “初始化”: 截断常量值
     1>d:\evol\vc_project\vs2008_code\keycodedec\keycodedec\keycodedec.cpp(6): warning C4309: “初始化”: 截断常量值
     1>d:\evol\vc_project\vs2008_code\keycodedec\keycodedec\keycodedec.cpp(6): warning C4309: “初始化”: 截断常量值
     1>d:\evol\vc_project\vs2008_code\keycodedec\keycodedec\keycodedec.cpp(6): warning C4309: “初始化”: 截断常量值
     1>d:\evol\vc_project\vs2008_code\keycodedec\keycodedec\keycodedec.cpp(6): warning C4309: “初始化”: 截断常量值
     1>d:\evol\vc_project\vs2008_code\keycodedec\keycodedec\keycodedec.cpp(6): warning C4309: “初始化”: 截断常量值
     1>d:\evol\vc_project\vs2008_code\keycodedec\keycodedec\keycodedec.cpp(6): warning C4309: “初始化”: 截断常量值
     1>d:\evol\vc_project\vs2008_code\keycodedec\keycodedec\keycodedec.cpp(6): warning C4309: “初始化”: 截断常量值
     1>d:\evol\vc_project\vs2008_code\keycodedec\keycodedec\keycodedec.cpp(6): warning C4309: “初始化”: 截断常量值
     1>d:\evol\vc_project\vs2008_code\keycodedec\keycodedec\keycodedec.cpp(6): warning C4309: “初始化”: 截断常量值
     1>d:\evol\vc_project\vs2008_code\keycodedec\keycodedec\keycodedec.cpp(8): warning C4309: “初始化”: 截断常量值
     1>d:\evol\vc_project\vs2008_code\keycodedec\keycodedec\keycodedec.cpp(8): warning C4309: “初始化”: 截断常量值
     1>d:\evol\vc_project\vs2008_code\keycodedec\keycodedec\keycodedec.cpp(8): warning C4309: “初始化”: 截断常量值
     1>d:\evol\vc_project\vs2008_code\keycodedec\keycodedec\keycodedec.cpp(13): warning C4996: 'fopen': This function or variable may be unsafe. Consider using fopen_s instead. To disable deprecation, use _CRT_SECURE_NO_WARNINGS. See online help for details.
                 c:\program files (x86)\microsoft visual studio 10.0\vc\include\stdio.h(234) : 参见“fopen”的声明
     1>d:\evol\vc_project\vs2008_code\keycodedec\keycodedec\keycodedec.cpp(16): warning C4996: 'fopen': This function or variable may be unsafe. Consider using fopen_s instead. To disable deprecation, use _CRT_SECURE_NO_WARNINGS. See online help for details.
                 c:\program files (x86)\microsoft visual studio 10.0\vc\include\stdio.h(234) : 参见“fopen”的声明
     1>d:\evol\vc_project\vs2008_code\keycodedec\keycodedec\keycodedec.cpp(30): error C2440: “=”: 无法从“void *”转换为“unsigned char *”
                 从“void*”到指向非“void”的指针的转换要求显式类型转换
     1>d:\evol\vc_project\vs2008_code\keycodedec\keycodedec\keycodedec.cpp(32): warning C4018: “<”: 有符号/无符号不匹配
     1>已完成生成项目“D:\Evol\VC_Project\VS2008_Code\KeyCodeDec\KeyCodeDec\KeyCodeDec.vcxproj”(build 个目标)的操作 - 失败。

生成失败。

已用时间 00:00:02.29
