生成启动时间为 2012/3/30 16:01:50。
     1>项目“C:\Evol\VC_Project\KeyCodeAddr\KeyCodeAddr\KeyCodeAddr.vcxproj”在节点 2 上(build 个目标)。
     1>InitializeBuildStatus:
         正在对“Release\KeyCodeAddr.unsuccessfulbuild”执行 Touch 任务。
       ClCompile:
         c:\Program Files (x86)\Microsoft Visual Studio 10.0\VC\bin\CL.exe /c /Zi /nologo /W3 /WX- /O2 /Oi /Oy- /GL /D WIN32 /D NDEBUG /D _WINDOWS /D _UNICODE /D UNICODE /Gm- /EHsc /MD /GS /Gy /fp:precise /Zc:wchar_t /Zc:forScope /Fo"Release\\" /Fd"Release\vc100.pdb" /Gd /TP /analyze- /errorReport:prompt Evol.cpp
         Evol.cpp
       ResourceCompile:
         所有输出均为最新。
       Link:
         c:\Program Files (x86)\Microsoft Visual Studio 10.0\VC\bin\link.exe /ERRORREPORT:PROMPT /OUT:"C:\Evol\VC_Project\KeyCodeAddr\Release\KeyCodeAddr.exe" /INCREMENTAL:NO /NOLOGO kernel32.lib user32.lib gdi32.lib winspool.lib comdlg32.lib advapi32.lib shell32.lib ole32.lib oleaut32.lib uuid.lib odbc32.lib odbccp32.lib /MANIFEST /ManifestFile:"Release\KeyCodeAddr.exe.intermediate.manifest" /MANIFESTUAC:"level='asInvoker' uiAccess='false'" /DEBUG /PDB:"C:\Evol\VC_Project\KeyCodeAddr\Release\KeyCodeAddr.pdb" /SUBSYSTEM:WINDOWS /OPT:REF /OPT:ICF /LTCG /TLBID:1 /DYNAMICBASE /NXCOMPAT /IMPLIB:"C:\Evol\VC_Project\KeyCodeAddr\Release\KeyCodeAddr.lib" /MACHINE:X86 Release\Evol.res
         Release\Evol.obj
         Release\Function.obj
         Release\stdafx.obj
         正在生成代码
         已完成代码的生成
         KeyCodeAddr.vcxproj -> C:\Evol\VC_Project\KeyCodeAddr\Release\KeyCodeAddr.exe
       Manifest:
         C:\Program Files (x86)\Microsoft SDKs\Windows\v7.0A\bin\mt.exe /nologo /verbose /outputresource:"C:\Evol\VC_Project\KeyCodeAddr\Release\KeyCodeAddr.exe;#1" /manifest Release\KeyCodeAddr.exe.intermediate.manifest
       FinalizeBuildStatus:
         正在删除文件“Release\KeyCodeAddr.unsuccessfulbuild”。
         正在对“Release\KeyCodeAddr.lastbuildstate”执行 Touch 任务。
     1>已完成生成项目“C:\Evol\VC_Project\KeyCodeAddr\KeyCodeAddr\KeyCodeAddr.vcxproj”(build 个目标)的操作。

生成成功。

已用时间 00:00:00.72
